Analysis & Synthesis report for sineWaveGenerator
Fri Feb  9 13:47:29 2024
Quartus Prime Version 22.1std.2 Build 922 07/20/2023 SC Lite Edition


---------------------
; Table of Contents ;
---------------------
  1. Legal Notice
  2. Analysis & Synthesis Summary
  3. Analysis & Synthesis Settings
  4. Parallel Compilation
  5. Analysis & Synthesis Source Files Read
  6. Analysis & Synthesis Resource Usage Summary
  7. Analysis & Synthesis Resource Utilization by Entity
  8. State Machine - |sineWaveGenerator|state
  9. Registers Removed During Synthesis
 10. Removed Registers Triggering Further Register Optimizations
 11. General Register Statistics
 12. Inverted Register Statistics
 13. Multiplexer Restructuring Statistics (Restructuring Performed)
 14. Parameter Settings for User Entity Instance: Top-level Entity: |sineWaveGenerator
 15. Parameter Settings for Inferred Entity Instance: lpm_divide:Div0
 16. Port Connectivity Checks: "doubleDabble:threeDigit"
 17. Post-Synthesis Netlist Statistics for Top Partition
 18. Elapsed Time Per Partition
 19. Analysis & Synthesis Messages



----------------
; Legal Notice ;
----------------
Copyright (C) 2023  Intel Corporation. All rights reserved.
Your use of Intel Corporation's design tools, logic functions 
and other software and tools, and any partner logic 
functions, and any output files from any of the foregoing 
(including device programming or simulation files), and any 
associated documentation or information are expressly subject 
to the terms and conditions of the Intel Program License 
Subscription Agreement, the Intel Quartus Prime License Agreement,
the Intel FPGA IP License Agreement, or other applicable license
agreement, including, without limitation, that your use is for
the sole purpose of programming logic devices manufactured by
Intel and sold by Intel or its authorized distributors.  Please
refer to the applicable agreement for further details, at
https://fpgasoftware.intel.com/eula.



+----------------------------------------------------------------------------------+
; Analysis & Synthesis Summary                                                     ;
+---------------------------------+------------------------------------------------+
; Analysis & Synthesis Status     ; Successful - Fri Feb  9 13:47:29 2024          ;
; Quartus Prime Version           ; 22.1std.2 Build 922 07/20/2023 SC Lite Edition ;
; Revision Name                   ; sineWaveGenerator                              ;
; Top-level Entity Name           ; sineWaveGenerator                              ;
; Family                          ; Cyclone V                                      ;
; Logic utilization (in ALMs)     ; N/A                                            ;
; Total registers                 ; 242                                            ;
; Total pins                      ; 48                                             ;
; Total virtual pins              ; 0                                              ;
; Total block memory bits         ; 0                                              ;
; Total DSP Blocks                ; 0                                              ;
; Total HSSI RX PCSs              ; 0                                              ;
; Total HSSI PMA RX Deserializers ; 0                                              ;
; Total HSSI TX PCSs              ; 0                                              ;
; Total HSSI PMA TX Serializers   ; 0                                              ;
; Total PLLs                      ; 0                                              ;
; Total DLLs                      ; 0                                              ;
+---------------------------------+------------------------------------------------+


+---------------------------------------------------------------------------------------------------------------------------+
; Analysis & Synthesis Settings                                                                                             ;
+---------------------------------------------------------------------------------+--------------------+--------------------+
; Option                                                                          ; Setting            ; Default Value      ;
+---------------------------------------------------------------------------------+--------------------+--------------------+
; Device                                                                          ; 5CSEMA5F31C6       ;                    ;
; Top-level entity name                                                           ; sineWaveGenerator  ; sineWaveGenerator  ;
; Family name                                                                     ; Cyclone V          ; Cyclone V          ;
; Use smart compilation                                                           ; Off                ; Off                ;
; Enable parallel Assembler and Timing Analyzer during compilation                ; On                 ; On                 ;
; Enable compact report table                                                     ; Off                ; Off                ;
; Restructure Multiplexers                                                        ; Auto               ; Auto               ;
; MLAB Add Timing Constraints For Mixed-Port Feed-Through Mode Setting Don't Care ; Off                ; Off                ;
; Create Debugging Nodes for IP Cores                                             ; Off                ; Off                ;
; Preserve fewer node names                                                       ; On                 ; On                 ;
; Intel FPGA IP Evaluation Mode                                                   ; Enable             ; Enable             ;
; Verilog Version                                                                 ; Verilog_2001       ; Verilog_2001       ;
; VHDL Version                                                                    ; VHDL_1993          ; VHDL_1993          ;
; State Machine Processing                                                        ; Auto               ; Auto               ;
; Safe State Machine                                                              ; Off                ; Off                ;
; Extract Verilog State Machines                                                  ; On                 ; On                 ;
; Extract VHDL State Machines                                                     ; On                 ; On                 ;
; Ignore Verilog initial constructs                                               ; Off                ; Off                ;
; Iteration limit for constant Verilog loops                                      ; 5000               ; 5000               ;
; Iteration limit for non-constant Verilog loops                                  ; 250                ; 250                ;
; Add Pass-Through Logic to Inferred RAMs                                         ; On                 ; On                 ;
; Infer RAMs from Raw Logic                                                       ; On                 ; On                 ;
; Parallel Synthesis                                                              ; On                 ; On                 ;
; DSP Block Balancing                                                             ; Auto               ; Auto               ;
; NOT Gate Push-Back                                                              ; On                 ; On                 ;
; Power-Up Don't Care                                                             ; On                 ; On                 ;
; Remove Redundant Logic Cells                                                    ; Off                ; Off                ;
; Remove Duplicate Registers                                                      ; On                 ; On                 ;
; Ignore CARRY Buffers                                                            ; Off                ; Off                ;
; Ignore CASCADE Buffers                                                          ; Off                ; Off                ;
; Ignore GLOBAL Buffers                                                           ; Off                ; Off                ;
; Ignore ROW GLOBAL Buffers                                                       ; Off                ; Off                ;
; Ignore LCELL Buffers                                                            ; Off                ; Off                ;
; Ignore SOFT Buffers                                                             ; On                 ; On                 ;
; Limit AHDL Integers to 32 Bits                                                  ; Off                ; Off                ;
; Optimization Technique                                                          ; Balanced           ; Balanced           ;
; Carry Chain Length                                                              ; 70                 ; 70                 ;
; Auto Carry Chains                                                               ; On                 ; On                 ;
; Auto Open-Drain Pins                                                            ; On                 ; On                 ;
; Perform WYSIWYG Primitive Resynthesis                                           ; Off                ; Off                ;
; Auto ROM Replacement                                                            ; On                 ; On                 ;
; Auto RAM Replacement                                                            ; On                 ; On                 ;
; Auto DSP Block Replacement                                                      ; On                 ; On                 ;
; Auto Shift Register Replacement                                                 ; Auto               ; Auto               ;
; Allow Shift Register Merging across Hierarchies                                 ; Auto               ; Auto               ;
; Auto Clock Enable Replacement                                                   ; On                 ; On                 ;
; Strict RAM Replacement                                                          ; Off                ; Off                ;
; Allow Synchronous Control Signals                                               ; On                 ; On                 ;
; Force Use of Synchronous Clear Signals                                          ; Off                ; Off                ;
; Auto Resource Sharing                                                           ; Off                ; Off                ;
; Allow Any RAM Size For Recognition                                              ; Off                ; Off                ;
; Allow Any ROM Size For Recognition                                              ; Off                ; Off                ;
; Allow Any Shift Register Size For Recognition                                   ; Off                ; Off                ;
; Use LogicLock Constraints during Resource Balancing                             ; On                 ; On                 ;
; Ignore translate_off and synthesis_off directives                               ; Off                ; Off                ;
; Timing-Driven Synthesis                                                         ; On                 ; On                 ;
; Report Parameter Settings                                                       ; On                 ; On                 ;
; Report Source Assignments                                                       ; On                 ; On                 ;
; Report Connectivity Checks                                                      ; On                 ; On                 ;
; Ignore Maximum Fan-Out Assignments                                              ; Off                ; Off                ;
; Synchronization Register Chain Length                                           ; 3                  ; 3                  ;
; Power Optimization During Synthesis                                             ; Normal compilation ; Normal compilation ;
; HDL message level                                                               ; Level2             ; Level2             ;
; Suppress Register Optimization Related Messages                                 ; Off                ; Off                ;
; Number of Removed Registers Reported in Synthesis Report                        ; 5000               ; 5000               ;
; Number of Swept Nodes Reported in Synthesis Report                              ; 5000               ; 5000               ;
; Number of Inverted Registers Reported in Synthesis Report                       ; 100                ; 100                ;
; Clock MUX Protection                                                            ; On                 ; On                 ;
; Auto Gated Clock Conversion                                                     ; Off                ; Off                ;
; Block Design Naming                                                             ; Auto               ; Auto               ;
; SDC constraint protection                                                       ; Off                ; Off                ;
; Synthesis Effort                                                                ; Auto               ; Auto               ;
; Shift Register Replacement - Allow Asynchronous Clear Signal                    ; On                 ; On                 ;
; Pre-Mapping Resynthesis Optimization                                            ; Off                ; Off                ;
; Analysis & Synthesis Message Level                                              ; Medium             ; Medium             ;
; Disable Register Merging Across Hierarchies                                     ; Auto               ; Auto               ;
; Resource Aware Inference For Block RAM                                          ; On                 ; On                 ;
; Automatic Parallel Synthesis                                                    ; On                 ; On                 ;
; Partial Reconfiguration Bitstream ID                                            ; Off                ; Off                ;
+---------------------------------------------------------------------------------+--------------------+--------------------+


+------------------------------------------+
; Parallel Compilation                     ;
+----------------------------+-------------+
; Processors                 ; Number      ;
+----------------------------+-------------+
; Number detected on machine ; 8           ;
; Maximum allowed            ; 4           ;
;                            ;             ;
; Average used               ; 1.00        ;
; Maximum used               ; 4           ;
;                            ;             ;
; Usage by Processor         ; % Time Used ;
;     Processor 1            ; 100.0%      ;
;     Processor 2            ;   0.0%      ;
;     Processor 3            ;   0.0%      ;
;     Processor 4            ;   0.0%      ;
+----------------------------+-------------+


+----------------------------------------------------------------------------------------------------------------------------------------------------------------------------------------------------------+
; Analysis & Synthesis Source Files Read                                                                                                                                                                   ;
+----------------------------------+-----------------+------------------------------+------------------------------------------------------------------------------------------------------------+---------+
; File Name with User-Entered Path ; Used in Netlist ; File Type                    ; File Name with Absolute Path                                                                               ; Library ;
+----------------------------------+-----------------+------------------------------+------------------------------------------------------------------------------------------------------------+---------+
; sineWaveGenerator.vhd            ; yes             ; User VHDL File               ; D:/UoG_file/Year_3/Hardware_System_and_Control/assignment/sinewave/sineWaveGenerator.vhd                   ;         ;
; doubledabble.vhd                 ; yes             ; User VHDL File               ; D:/UoG_file/Year_3/Hardware_System_and_Control/assignment/sinewave/doubledabble.vhd                        ;         ;
; sseg.vhd                         ; yes             ; User VHDL File               ; D:/UoG_file/Year_3/Hardware_System_and_Control/assignment/sinewave/sseg.vhd                                ;         ;
; DAC_interface.vhd                ; yes             ; User VHDL File               ; D:/UoG_file/Year_3/Hardware_System_and_Control/assignment/sinewave/DAC_interface.vhd                       ;         ;
; lpm_divide.tdf                   ; yes             ; Megafunction                 ; d:/uog_file/year_3/hardware_system_and_control/quartus/quartus/libraries/megafunctions/lpm_divide.tdf      ;         ;
; abs_divider.inc                  ; yes             ; Megafunction                 ; d:/uog_file/year_3/hardware_system_and_control/quartus/quartus/libraries/megafunctions/abs_divider.inc     ;         ;
; sign_div_unsign.inc              ; yes             ; Megafunction                 ; d:/uog_file/year_3/hardware_system_and_control/quartus/quartus/libraries/megafunctions/sign_div_unsign.inc ;         ;
; aglobal221.inc                   ; yes             ; Megafunction                 ; d:/uog_file/year_3/hardware_system_and_control/quartus/quartus/libraries/megafunctions/aglobal221.inc      ;         ;
; db/lpm_divide_rqo.tdf            ; yes             ; Auto-Generated Megafunction  ; D:/UoG_file/Year_3/Hardware_System_and_Control/assignment/sinewave/db/lpm_divide_rqo.tdf                   ;         ;
; db/abs_divider_4dg.tdf           ; yes             ; Auto-Generated Megafunction  ; D:/UoG_file/Year_3/Hardware_System_and_Control/assignment/sinewave/db/abs_divider_4dg.tdf                  ;         ;
; db/alt_u_div_o2f.tdf             ; yes             ; Auto-Generated Megafunction  ; D:/UoG_file/Year_3/Hardware_System_and_Control/assignment/sinewave/db/alt_u_div_o2f.tdf                    ;         ;
; db/lpm_abs_4p9.tdf               ; yes             ; Auto-Generated Megafunction  ; D:/UoG_file/Year_3/Hardware_System_and_Control/assignment/sinewave/db/lpm_abs_4p9.tdf                      ;         ;
+----------------------------------+-----------------+------------------------------+------------------------------------------------------------------------------------------------------------+---------+


+---------------------------------------------------------+
; Analysis & Synthesis Resource Usage Summary             ;
+---------------------------------------------+-----------+
; Resource                                    ; Usage     ;
+---------------------------------------------+-----------+
; Estimate of Logic utilization (ALMs needed) ; 791       ;
;                                             ;           ;
; Combinational ALUT usage for logic          ; 1493      ;
;     -- 7 input functions                    ; 1         ;
;     -- 6 input functions                    ; 72        ;
;     -- 5 input functions                    ; 514       ;
;     -- 4 input functions                    ; 478       ;
;     -- <=3 input functions                  ; 428       ;
;                                             ;           ;
; Dedicated logic registers                   ; 242       ;
;                                             ;           ;
; I/O pins                                    ; 48        ;
;                                             ;           ;
; Total DSP Blocks                            ; 0         ;
;                                             ;           ;
; Maximum fan-out node                        ; clk~input ;
; Maximum fan-out                             ; 234       ;
; Total fan-out                               ; 7280      ;
; Average fan-out                             ; 3.98      ;
+---------------------------------------------+-----------+


+-----------------------------------------------------------------------------------------------------------------------------------------------------------------------------------------------------------------------------------------------------------------------------------------------------+
; Analysis & Synthesis Resource Utilization by Entity                                                                                                                                                                                                                                                 ;
+---------------------------------------+---------------------+---------------------------+-------------------+------------+------+--------------+-----------------------------------------------------------------------------------------------------------------+-------------------+--------------+
; Compilation Hierarchy Node            ; Combinational ALUTs ; Dedicated Logic Registers ; Block Memory Bits ; DSP Blocks ; Pins ; Virtual Pins ; Full Hierarchy Name                                                                                             ; Entity Name       ; Library Name ;
+---------------------------------------+---------------------+---------------------------+-------------------+------------+------+--------------+-----------------------------------------------------------------------------------------------------------------+-------------------+--------------+
; |sineWaveGenerator                    ; 1493 (243)          ; 242 (156)                 ; 0                 ; 0          ; 48   ; 0            ; |sineWaveGenerator                                                                                              ; sineWaveGenerator ; work         ;
;    |DAC_interface:dacinterface|       ; 17 (17)             ; 18 (18)                   ; 0                 ; 0          ; 0    ; 0            ; |sineWaveGenerator|DAC_interface:dacinterface                                                                   ; DAC_interface     ; work         ;
;    |doubleDabble:threeDigit|          ; 53 (53)             ; 68 (68)                   ; 0                 ; 0          ; 0    ; 0            ; |sineWaveGenerator|doubleDabble:threeDigit                                                                      ; doubleDabble      ; work         ;
;    |lpm_divide:Div0|                  ; 1180 (0)            ; 0 (0)                     ; 0                 ; 0          ; 0    ; 0            ; |sineWaveGenerator|lpm_divide:Div0                                                                              ; lpm_divide        ; work         ;
;       |lpm_divide_rqo:auto_generated| ; 1180 (0)            ; 0 (0)                     ; 0                 ; 0          ; 0    ; 0            ; |sineWaveGenerator|lpm_divide:Div0|lpm_divide_rqo:auto_generated                                                ; lpm_divide_rqo    ; work         ;
;          |abs_divider_4dg:divider|    ; 1180 (32)           ; 0 (0)                     ; 0                 ; 0          ; 0    ; 0            ; |sineWaveGenerator|lpm_divide:Div0|lpm_divide_rqo:auto_generated|abs_divider_4dg:divider                        ; abs_divider_4dg   ; work         ;
;             |alt_u_div_o2f:divider|   ; 1116 (1116)         ; 0 (0)                     ; 0                 ; 0          ; 0    ; 0            ; |sineWaveGenerator|lpm_divide:Div0|lpm_divide_rqo:auto_generated|abs_divider_4dg:divider|alt_u_div_o2f:divider  ; alt_u_div_o2f     ; work         ;
;             |lpm_abs_4p9:my_abs_den|  ; 32 (32)             ; 0 (0)                     ; 0                 ; 0          ; 0    ; 0            ; |sineWaveGenerator|lpm_divide:Div0|lpm_divide_rqo:auto_generated|abs_divider_4dg:divider|lpm_abs_4p9:my_abs_den ; lpm_abs_4p9       ; work         ;
+---------------------------------------+---------------------+---------------------------+-------------------+------------+------+--------------+-----------------------------------------------------------------------------------------------------------------+-------------------+--------------+
Note: For table entries with two numbers listed, the numbers in parentheses indicate the number of resources of the given type used by the specific entity alone. The numbers listed outside of parentheses indicate the total resources of the given type used by the specific entity and all of its sub-entities in the hierarchy.


Encoding Type:  One-Hot
+------------------------------------------------------+
; State Machine - |sineWaveGenerator|state             ;
+----------+----------+----------+----------+----------+
; Name     ; state.s3 ; state.s2 ; state.s1 ; state.s0 ;
+----------+----------+----------+----------+----------+
; state.s0 ; 0        ; 0        ; 0        ; 0        ;
; state.s1 ; 0        ; 0        ; 1        ; 1        ;
; state.s2 ; 0        ; 1        ; 0        ; 1        ;
; state.s3 ; 1        ; 0        ; 0        ; 1        ;
+----------+----------+----------+----------+----------+


+------------------------------------------------------------------------------------------------+
; Registers Removed During Synthesis                                                             ;
+-------------------------------------------+----------------------------------------------------+
; Register name                             ; Reason for Removal                                 ;
+-------------------------------------------+----------------------------------------------------+
; sseg6[0]~reg0                             ; Stuck at GND due to stuck port data_in             ;
; sseg6[1]~reg0                             ; Stuck at VCC due to stuck port data_in             ;
; sseg6[5]~reg0                             ; Stuck at GND due to stuck port data_in             ;
; sseg6[6]~reg0                             ; Stuck at GND due to stuck port data_in             ;
; sseg6[7]~reg0                             ; Stuck at VCC due to stuck port data_in             ;
; DAC_interface:dacinterface|sdi_arr[33,34] ; Stuck at GND due to stuck port data_in             ;
; DAC_interface:dacinterface|sdi_arr[5..8]  ; Stuck at VCC due to stuck port data_in             ;
; DAC_interface:dacinterface|sdi_arr[0..4]  ; Stuck at GND due to stuck port data_in             ;
; d_op[8..11]                               ; Stuck at GND due to stuck port data_in             ;
; DAC_interface:dacinterface|sdi_arr[9..16] ; Stuck at GND due to stuck port data_in             ;
; sseg6[3]~reg0                             ; Merged with sseg6[2]~reg0                          ;
; DAC_interface:dacinterface|sdi_arr[18]    ; Merged with DAC_interface:dacinterface|sdi_arr[17] ;
; DAC_interface:dacinterface|sdi_arr[20]    ; Merged with DAC_interface:dacinterface|sdi_arr[19] ;
; DAC_interface:dacinterface|sdi_arr[24]    ; Merged with DAC_interface:dacinterface|sdi_arr[23] ;
; DAC_interface:dacinterface|sdi_arr[30]    ; Merged with DAC_interface:dacinterface|sdi_arr[29] ;
; DAC_interface:dacinterface|sdi_arr[32]    ; Merged with DAC_interface:dacinterface|sdi_arr[31] ;
; frequency[11]                             ; Merged with count[11]                              ;
; frequency[10]                             ; Merged with count[10]                              ;
; frequency[9]                              ; Merged with count[9]                               ;
; frequency[8]                              ; Merged with count[8]                               ;
; frequency[7]                              ; Merged with count[7]                               ;
; frequency[6]                              ; Merged with count[6]                               ;
; frequency[5]                              ; Merged with count[5]                               ;
; frequency[4]                              ; Merged with count[4]                               ;
; frequency[3]                              ; Merged with count[3]                               ;
; frequency[2]                              ; Merged with count[2]                               ;
; frequency[1]                              ; Merged with count[1]                               ;
; DAC_interface:dacinterface|sdi_arr[22]    ; Merged with DAC_interface:dacinterface|sdi_arr[21] ;
; DAC_interface:dacinterface|sdi_arr[26]    ; Merged with DAC_interface:dacinterface|sdi_arr[25] ;
; DAC_interface:dacinterface|sdi_arr[28]    ; Merged with DAC_interface:dacinterface|sdi_arr[27] ;
; Total Number of Removed Registers = 48    ;                                                    ;
+-------------------------------------------+----------------------------------------------------+


+----------------------------------------------------------------------------------------------------------------------------+
; Removed Registers Triggering Further Register Optimizations                                                                ;
+---------------+---------------------------+--------------------------------------------------------------------------------+
; Register name ; Reason for Removal        ; Registers Removed due to This Register                                         ;
+---------------+---------------------------+--------------------------------------------------------------------------------+
; d_op[11]      ; Stuck at GND              ; DAC_interface:dacinterface|sdi_arr[10], DAC_interface:dacinterface|sdi_arr[9]  ;
;               ; due to stuck port data_in ;                                                                                ;
; d_op[10]      ; Stuck at GND              ; DAC_interface:dacinterface|sdi_arr[12], DAC_interface:dacinterface|sdi_arr[11] ;
;               ; due to stuck port data_in ;                                                                                ;
; d_op[9]       ; Stuck at GND              ; DAC_interface:dacinterface|sdi_arr[14], DAC_interface:dacinterface|sdi_arr[13] ;
;               ; due to stuck port data_in ;                                                                                ;
; d_op[8]       ; Stuck at GND              ; DAC_interface:dacinterface|sdi_arr[16], DAC_interface:dacinterface|sdi_arr[15] ;
;               ; due to stuck port data_in ;                                                                                ;
+---------------+---------------------------+--------------------------------------------------------------------------------+


+------------------------------------------------------+
; General Register Statistics                          ;
+----------------------------------------------+-------+
; Statistic                                    ; Value ;
+----------------------------------------------+-------+
; Total registers                              ; 242   ;
; Number of registers using Synchronous Clear  ; 99    ;
; Number of registers using Synchronous Load   ; 75    ;
; Number of registers using Asynchronous Clear ; 0     ;
; Number of registers using Asynchronous Load  ; 0     ;
; Number of registers using Clock Enable       ; 157   ;
; Number of registers using Preset             ; 0     ;
+----------------------------------------------+-------+


+--------------------------------------------------+
; Inverted Register Statistics                     ;
+----------------------------------------+---------+
; Inverted Register                      ; Fan out ;
+----------------------------------------+---------+
; doubleDabble:threeDigit|i[2]           ; 2       ;
; doubleDabble:threeDigit|i[3]           ; 2       ;
; Total number of inverted registers = 2 ;         ;
+----------------------------------------+---------+


+----------------------------------------------------------------------------------------------------------------------------------------------------------------------+
; Multiplexer Restructuring Statistics (Restructuring Performed)                                                                                                       ;
+--------------------+-----------+---------------+----------------------+------------------------+------------+--------------------------------------------------------+
; Multiplexer Inputs ; Bus Width ; Baseline Area ; Area if Restructured ; Saving if Restructured ; Registered ; Example Multiplexer Output                             ;
+--------------------+-----------+---------------+----------------------+------------------------+------------+--------------------------------------------------------+
; 3:1                ; 32 bits   ; 64 LEs        ; 32 LEs               ; 32 LEs                 ; Yes        ; |sineWaveGenerator|count[0]                            ;
; 3:1                ; 4 bits    ; 8 LEs         ; 8 LEs                ; 0 LEs                  ; Yes        ; |sineWaveGenerator|doubleDabble:threeDigit|scratch[16] ;
; 3:1                ; 4 bits    ; 8 LEs         ; 8 LEs                ; 0 LEs                  ; Yes        ; |sineWaveGenerator|doubleDabble:threeDigit|scratch[19] ;
; 3:1                ; 3 bits    ; 6 LEs         ; 6 LEs                ; 0 LEs                  ; Yes        ; |sineWaveGenerator|doubleDabble:threeDigit|scratch[23] ;
; 5:1                ; 28 bits   ; 84 LEs        ; 0 LEs                ; 84 LEs                 ; Yes        ; |sineWaveGenerator|timer[3]                            ;
+--------------------+-----------+---------------+----------------------+------------------------+------------+--------------------------------------------------------+


+-----------------------------------------------------------------------------------+
; Parameter Settings for User Entity Instance: Top-level Entity: |sineWaveGenerator ;
+----------------+-------+----------------------------------------------------------+
; Parameter Name ; Value ; Type                                                     ;
+----------------+-------+----------------------------------------------------------+
; NUM_POINTS     ; 200   ; Signed Integer                                           ;
; MAX_AMPLITUDE  ; 255   ; Signed Integer                                           ;
+----------------+-------+----------------------------------------------------------+
Note: In order to hide this table in the UI and the text report file, please set the "Show Parameter Settings in Synthesis Report" option in "Analysis and Synthesis Settings -> More Settings" to "Off".


+------------------------------------------------------------------+
; Parameter Settings for Inferred Entity Instance: lpm_divide:Div0 ;
+------------------------+----------------+------------------------+
; Parameter Name         ; Value          ; Type                   ;
+------------------------+----------------+------------------------+
; LPM_WIDTHN             ; 32             ; Untyped                ;
; LPM_WIDTHD             ; 32             ; Untyped                ;
; LPM_NREPRESENTATION    ; SIGNED         ; Untyped                ;
; LPM_DREPRESENTATION    ; SIGNED         ; Untyped                ;
; LPM_PIPELINE           ; 0              ; Untyped                ;
; LPM_REMAINDERPOSITIVE  ; FALSE          ; Untyped                ;
; MAXIMIZE_SPEED         ; 5              ; Untyped                ;
; CBXI_PARAMETER         ; lpm_divide_rqo ; Untyped                ;
; CARRY_CHAIN            ; MANUAL         ; Untyped                ;
; OPTIMIZE_FOR_SPEED     ; 5              ; Untyped                ;
; AUTO_CARRY_CHAINS      ; ON             ; AUTO_CARRY             ;
; IGNORE_CARRY_BUFFERS   ; OFF            ; IGNORE_CARRY           ;
; AUTO_CASCADE_CHAINS    ; ON             ; AUTO_CASCADE           ;
; IGNORE_CASCADE_BUFFERS ; OFF            ; IGNORE_CASCADE         ;
+------------------------+----------------+------------------------+
Note: In order to hide this table in the UI and the text report file, please set the "Show Parameter Settings in Synthesis Report" option in "Analysis and Synthesis Settings -> More Settings" to "Off".


+-----------------------------------------------------------------------------------------------------------------------+
; Port Connectivity Checks: "doubleDabble:threeDigit"                                                                   ;
+-------------+--------+----------+-------------------------------------------------------------------------------------+
; Port        ; Type   ; Severity ; Details                                                                             ;
+-------------+--------+----------+-------------------------------------------------------------------------------------+
; bcd[15..12] ; Output ; Info     ; Connected to dangling logic. Logic that only feeds a dangling port will be removed. ;
+-------------+--------+----------+-------------------------------------------------------------------------------------+


+-----------------------------------------------------+
; Post-Synthesis Netlist Statistics for Top Partition ;
+-----------------------+-----------------------------+
; Type                  ; Count                       ;
+-----------------------+-----------------------------+
; arriav_ff             ; 242                         ;
;     ENA               ; 25                          ;
;     ENA SCLR          ; 68                          ;
;     ENA SLD           ; 64                          ;
;     SCLR              ; 31                          ;
;     SLD               ; 11                          ;
;     plain             ; 43                          ;
; arriav_lcell_comb     ; 1498                        ;
;     arith             ; 797                         ;
;         0 data inputs ; 44                          ;
;         1 data inputs ; 196                         ;
;         2 data inputs ; 32                          ;
;         3 data inputs ; 20                          ;
;         4 data inputs ; 29                          ;
;         5 data inputs ; 476                         ;
;     extend            ; 1                           ;
;         7 data inputs ; 1                           ;
;     normal            ; 700                         ;
;         0 data inputs ; 2                           ;
;         1 data inputs ; 20                          ;
;         2 data inputs ; 67                          ;
;         3 data inputs ; 52                          ;
;         4 data inputs ; 449                         ;
;         5 data inputs ; 38                          ;
;         6 data inputs ; 72                          ;
; boundary_port         ; 48                          ;
;                       ;                             ;
; Max LUT depth         ; 98.10                       ;
; Average LUT depth     ; 68.27                       ;
+-----------------------+-----------------------------+


+-------------------------------+
; Elapsed Time Per Partition    ;
+----------------+--------------+
; Partition Name ; Elapsed Time ;
+----------------+--------------+
; Top            ; 00:00:02     ;
+----------------+--------------+


+-------------------------------+
; Analysis & Synthesis Messages ;
+-------------------------------+
Info: *******************************************************************
Info: Running Quartus Prime Analysis & Synthesis
    Info: Version 22.1std.2 Build 922 07/20/2023 SC Lite Edition
    Info: Processing started: Fri Feb  9 13:47:18 2024
Info: Command: quartus_map --read_settings_files=on --write_settings_files=off sineWaveGenerator -c sineWaveGenerator
Warning (18236): Number of processors has not been specified which may cause overloading on shared machines.  Set the global assignment NUM_PARALLEL_PROCESSORS in your QSF to an appropriate value for best performance.
Info (20030): Parallel compilation is enabled and will use 4 of the 4 processors detected
Info (12021): Found 2 design units, including 1 entities, in source file sinewavegenerator.vhd
    Info (12022): Found design unit 1: sineWaveGenerator-Behavioral File: D:/UoG_file/Year_3/Hardware_System_and_Control/assignment/sinewave/sineWaveGenerator.vhd Line: 22
    Info (12023): Found entity 1: sineWaveGenerator File: D:/UoG_file/Year_3/Hardware_System_and_Control/assignment/sinewave/sineWaveGenerator.vhd Line: 6
Info (12021): Found 2 design units, including 1 entities, in source file doubledabble.vhd
    Info (12022): Found design unit 1: doubleDabble-rtl File: D:/UoG_file/Year_3/Hardware_System_and_Control/assignment/sinewave/doubledabble.vhd Line: 13
    Info (12023): Found entity 1: doubleDabble File: D:/UoG_file/Year_3/Hardware_System_and_Control/assignment/sinewave/doubledabble.vhd Line: 5
Info (12021): Found 2 design units, including 0 entities, in source file sseg.vhd
    Info (12022): Found design unit 1: ssegPackage File: D:/UoG_file/Year_3/Hardware_System_and_Control/assignment/sinewave/sseg.vhd Line: 7
    Info (12022): Found design unit 2: ssegPackage-body File: D:/UoG_file/Year_3/Hardware_System_and_Control/assignment/sinewave/sseg.vhd Line: 13
Info (12021): Found 2 design units, including 1 entities, in source file dac_interface.vhd
    Info (12022): Found design unit 1: DAC_interface-rtl File: D:/UoG_file/Year_3/Hardware_System_and_Control/assignment/sinewave/DAC_interface.vhd Line: 25
    Info (12023): Found entity 1: DAC_interface File: D:/UoG_file/Year_3/Hardware_System_and_Control/assignment/sinewave/DAC_interface.vhd Line: 13
Info (12127): Elaborating entity "sineWaveGenerator" for the top level hierarchy
Warning (10540): VHDL Signal Declaration warning at sineWaveGenerator.vhd(54): used explicit default value for signal "sine" because signal was never assigned a value File: D:/UoG_file/Year_3/Hardware_System_and_Control/assignment/sinewave/sineWaveGenerator.vhd Line: 54
Info (12128): Elaborating entity "doubleDabble" for hierarchy "doubleDabble:threeDigit" File: D:/UoG_file/Year_3/Hardware_System_and_Control/assignment/sinewave/sineWaveGenerator.vhd Line: 75
Info (12128): Elaborating entity "DAC_interface" for hierarchy "DAC_interface:dacinterface" File: D:/UoG_file/Year_3/Hardware_System_and_Control/assignment/sinewave/sineWaveGenerator.vhd Line: 76
Info (278001): Inferred 1 megafunctions from design logic
    Info (278004): Inferred divider/modulo megafunction ("lpm_divide") from the following logic: "Div0" File: D:/UoG_file/Year_3/Hardware_System_and_Control/assignment/sinewave/sineWaveGenerator.vhd Line: 134
Info (12130): Elaborated megafunction instantiation "lpm_divide:Div0" File: D:/UoG_file/Year_3/Hardware_System_and_Control/assignment/sinewave/sineWaveGenerator.vhd Line: 134
Info (12133): Instantiated megafunction "lpm_divide:Div0" with the following parameter: File: D:/UoG_file/Year_3/Hardware_System_and_Control/assignment/sinewave/sineWaveGenerator.vhd Line: 134
    Info (12134): Parameter "LPM_WIDTHN" = "32"
    Info (12134): Parameter "LPM_WIDTHD" = "32"
    Info (12134): Parameter "LPM_NREPRESENTATION" = "SIGNED"
    Info (12134): Parameter "LPM_DREPRESENTATION" = "SIGNED"
    Info (12134): Parameter "LPM_HINT" = "LPM_REMAINDERPOSITIVE=FALSE"
Info (12021): Found 1 design units, including 1 entities, in source file db/lpm_divide_rqo.tdf
    Info (12023): Found entity 1: lpm_divide_rqo File: D:/UoG_file/Year_3/Hardware_System_and_Control/assignment/sinewave/db/lpm_divide_rqo.tdf Line: 25
Info (12021): Found 1 design units, including 1 entities, in source file db/abs_divider_4dg.tdf
    Info (12023): Found entity 1: abs_divider_4dg File: D:/UoG_file/Year_3/Hardware_System_and_Control/assignment/sinewave/db/abs_divider_4dg.tdf Line: 27
Info (12021): Found 1 design units, including 1 entities, in source file db/alt_u_div_o2f.tdf
    Info (12023): Found entity 1: alt_u_div_o2f File: D:/UoG_file/Year_3/Hardware_System_and_Control/assignment/sinewave/db/alt_u_div_o2f.tdf Line: 23
Info (12021): Found 1 design units, including 1 entities, in source file db/lpm_abs_4p9.tdf
    Info (12023): Found entity 1: lpm_abs_4p9 File: D:/UoG_file/Year_3/Hardware_System_and_Control/assignment/sinewave/db/lpm_abs_4p9.tdf Line: 23
Warning (13024): Output pins are stuck at VCC or GND
    Warning (13410): Pin "sseg0[7]" is stuck at VCC File: D:/UoG_file/Year_3/Hardware_System_and_Control/assignment/sinewave/sineWaveGenerator.vhd Line: 16
    Warning (13410): Pin "sseg1[7]" is stuck at VCC File: D:/UoG_file/Year_3/Hardware_System_and_Control/assignment/sinewave/sineWaveGenerator.vhd Line: 16
    Warning (13410): Pin "sseg2[7]" is stuck at VCC File: D:/UoG_file/Year_3/Hardware_System_and_Control/assignment/sinewave/sineWaveGenerator.vhd Line: 16
    Warning (13410): Pin "sseg6[0]" is stuck at GND File: D:/UoG_file/Year_3/Hardware_System_and_Control/assignment/sinewave/sineWaveGenerator.vhd Line: 90
    Warning (13410): Pin "sseg6[1]" is stuck at VCC File: D:/UoG_file/Year_3/Hardware_System_and_Control/assignment/sinewave/sineWaveGenerator.vhd Line: 90
    Warning (13410): Pin "sseg6[5]" is stuck at GND File: D:/UoG_file/Year_3/Hardware_System_and_Control/assignment/sinewave/sineWaveGenerator.vhd Line: 90
    Warning (13410): Pin "sseg6[6]" is stuck at GND File: D:/UoG_file/Year_3/Hardware_System_and_Control/assignment/sinewave/sineWaveGenerator.vhd Line: 90
    Warning (13410): Pin "sseg6[7]" is stuck at VCC File: D:/UoG_file/Year_3/Hardware_System_and_Control/assignment/sinewave/sineWaveGenerator.vhd Line: 90
Info (286030): Timing-Driven Synthesis is running
Info (16010): Generating hard_block partition "hard_block:auto_generated_inst"
    Info (16011): Adding 0 node(s), including 0 DDIO, 0 PLL, 0 transceiver and 0 LCELL
Info (21057): Implemented 1584 device resources after synthesis - the final resource count might be different
    Info (21058): Implemented 4 input pins
    Info (21059): Implemented 44 output pins
    Info (21061): Implemented 1536 logic cells
Info: Quartus Prime Analysis & Synthesis was successful. 0 errors, 11 warnings
    Info: Peak virtual memory: 4908 megabytes
    Info: Processing ended: Fri Feb  9 13:47:29 2024
    Info: Elapsed time: 00:00:11
    Info: Total CPU time (on all processors): 00:00:24


